<?xml version="1.0" encoding="UTF-8"?>
<testsuite xmlns:xsi="http://www.w3.org/2001/XMLSchema-instance" xsi:noNamespaceSchemaLocation="https://maven.apache.org/surefire/maven-surefire-plugin/xsd/surefire-test-report-3.0.xsd" version="3.0" name="com.gcu.Topic22ApplicationTests" time="1.436" tests="1" errors="0" skipped="0" failures="0">
  <properties>
[...]
</properties>
  <testcase name="contextLoads" classname="com.gcu.Topic22ApplicationTests" time="0.344">
    <system-out><![CDATA[03:20:09.704 [main] INFO org.springframework.test.context.support.AnnotationConfigContextLoaderUtils -- Could not detect default configuration classes for test class [com.gcu.Topic22ApplicationTests]: Topic22ApplicationTests does not declare any static, non-private, non-final, nested classes annotated with @Configuration.
03:20:09.738 [main] INFO org.springframework.boot.test.context.SpringBootTestContextBootstrapper -- Found @SpringBootConfiguration com.gcu.cst323TestApplication for test class com.gcu.Topic22ApplicationTests
03:20:09.794 [main] INFO org.springframework.boot.devtools.restart.RestartApplicationListener -- Restart disabled due to context in which it is running

  .   ____          _            __ _ _
 /\\ / ___'_ __ _ _(_)_ __  __ _ \ \ \ \
( ( )\___ | '_ | '_| | '_ \/ _` | \ \ \ \
 \\/  ___)| |_)| | | | | || (_| |  ) ) ) )
  '  |____| .__|_| |_|_| |_\__, | / / / /
 =========|_|==============|___/=/_/_/_/

 :: Spring Boot ::                (v3.3.6)

2025-01-18T03:20:09.870-07:00  INFO 22377 --- [           main] com.gcu.Topic22ApplicationTests          : Starting Topic22ApplicationTests using Java 17.0.12 with PID 22377 (started by giannaross in /Users/giannaross/Desktop/CST - 323 Cloud Computing/323Code/CST-323TestApplication)
2025-01-18T03:20:09.871-07:00  INFO 22377 --- [           main] com.gcu.Topic22ApplicationTests          : No active profile set, falling back to 1 default profile: "default"
2025-01-18T03:20:10.143-07:00  INFO 22377 --- [           main] .s.d.r.c.RepositoryConfigurationDelegate : Bootstrapping Spring Data JDBC repositories in DEFAULT mode.
2025-01-18T03:20:10.160-07:00  INFO 22377 --- [           main] .s.d.r.c.RepositoryConfigurationDelegate : Finished Spring Data repository scanning in 14 ms. Found 1 JDBC repository interface.
2025-01-18T03:20:10.304-07:00  INFO 22377 --- [           main] com.zaxxer.hikari.HikariDataSource       : HikariPool-1 - Starting...
2025-01-18T03:20:10.453-07:00  INFO 22377 --- [           main] com.zaxxer.hikari.pool.HikariPool        : HikariPool-1 - Added connection com.mysql.cj.jdbc.ConnectionImpl@111cba40
2025-01-18T03:20:10.454-07:00  INFO 22377 --- [           main] com.zaxxer.hikari.HikariDataSource       : HikariPool-1 - Start completed.
Initialize method in OrdersBusinessService
2025-01-18T03:20:10.731-07:00  INFO 22377 --- [           main] com.gcu.Topic22ApplicationTests          : Started Topic22ApplicationTests in 0.945 seconds (process running for 1.272)
]]></system-out>
  </testcase>
</testsuite>